C:\USERS\JANMOREZ\DROPBOX\PUBLIC\2D_CUDA_UNWRAPPER\2D_CUDA_UNWRAPPER\2D_CUDA_UNWRAPPER\DEBUG\FUNCTIONS.OBJ
C:\USERS\JANMOREZ\DROPBOX\PUBLIC\2D_CUDA_UNWRAPPER\2D_CUDA_UNWRAPPER\2D_CUDA_UNWRAPPER\DEBUG\VC100.PDB
C:\USERS\JANMOREZ\DROPBOX\PUBLIC\2D_CUDA_UNWRAPPER\2D_CUDA_UNWRAPPER\DEBUG\2D_CUDA_UNWRAPPER.ILK
C:\USERS\JANMOREZ\DROPBOX\PUBLIC\2D_CUDA_UNWRAPPER\2D_CUDA_UNWRAPPER\DEBUG\2D_CUDA_UNWRAPPER.EXE
C:\USERS\JANMOREZ\DROPBOX\PUBLIC\2D_CUDA_UNWRAPPER\2D_CUDA_UNWRAPPER\2D_CUDA_UNWRAPPER\DEBUG\2D_CUDA_UNWRAPPER.EXE.INTERMEDIATE.MANIFEST
C:\USERS\JANMOREZ\DROPBOX\PUBLIC\2D_CUDA_UNWRAPPER\2D_CUDA_UNWRAPPER\DEBUG\2D_CUDA_UNWRAPPER.PDB
C:\Users\janmorez\Dropbox\Public\2D_CUDA_UNWRAPPER\2D_CUDA_Unwrapper\2D_CUDA_Unwrapper\Debug\main.cu.cache
C:\Users\janmorez\Dropbox\Public\2D_CUDA_UNWRAPPER\2D_CUDA_Unwrapper\2D_CUDA_Unwrapper\Debug\Functions.obj
C:\Users\janmorez\Dropbox\Public\2D_CUDA_UNWRAPPER\2D_CUDA_Unwrapper\2D_CUDA_Unwrapper\Debug\main.cu.obj
C:\Users\janmorez\Dropbox\Public\2D_CUDA_UNWRAPPER\2D_CUDA_Unwrapper\2D_CUDA_Unwrapper\Debug\cl.command.1.tlog
C:\Users\janmorez\Dropbox\Public\2D_CUDA_UNWRAPPER\2D_CUDA_Unwrapper\2D_CUDA_Unwrapper\Debug\CL.read.1.tlog
C:\Users\janmorez\Dropbox\Public\2D_CUDA_UNWRAPPER\2D_CUDA_Unwrapper\2D_CUDA_Unwrapper\Debug\CL.write.1.tlog
C:\Users\janmorez\Dropbox\Public\2D_CUDA_UNWRAPPER\2D_CUDA_Unwrapper\2D_CUDA_Unwrapper\Debug\link.9520.read.1.tlog
C:\Users\janmorez\Dropbox\Public\2D_CUDA_UNWRAPPER\2D_CUDA_Unwrapper\2D_CUDA_Unwrapper\Debug\link.9520.write.1.tlog
C:\Users\janmorez\Dropbox\Public\2D_CUDA_UNWRAPPER\2D_CUDA_Unwrapper\2D_CUDA_Unwrapper\Debug\link.command.1.tlog
C:\Users\janmorez\Dropbox\Public\2D_CUDA_UNWRAPPER\2D_CUDA_Unwrapper\2D_CUDA_Unwrapper\Debug\link.read.1.tlog
C:\Users\janmorez\Dropbox\Public\2D_CUDA_UNWRAPPER\2D_CUDA_Unwrapper\2D_CUDA_Unwrapper\Debug\link.write.1.tlog
C:\Users\janmorez\Dropbox\Public\2D_CUDA_UNWRAPPER\2D_CUDA_Unwrapper\2D_CUDA_Unwrapper\Debug\mt.command.1.tlog
C:\Users\janmorez\Dropbox\Public\2D_CUDA_UNWRAPPER\2D_CUDA_Unwrapper\2D_CUDA_Unwrapper\Debug\mt.read.1.tlog
C:\Users\janmorez\Dropbox\Public\2D_CUDA_UNWRAPPER\2D_CUDA_Unwrapper\2D_CUDA_Unwrapper\Debug\mt.write.1.tlog
C:\Users\janmorez\Dropbox\Public\2D_CUDA_UNWRAPPER\2D_CUDA_Unwrapper\2D_CUDA_Unwrapper\Debug\2D_CUDA_Unwrapper.exe.intermediate.manifest
C:\Users\janmorez\Dropbox\Public\2D_CUDA_UNWRAPPER\2D_CUDA_Unwrapper\2D_CUDA_Unwrapper\Debug\vc100.idb
C:\Users\janmorez\Dropbox\Public\2D_CUDA_UNWRAPPER\2D_CUDA_Unwrapper\2D_CUDA_Unwrapper\Debug\vc100.pdb
C:\Users\janmorez\Dropbox\Public\2D_CUDA_UNWRAPPER\2D_CUDA_Unwrapper\Debug\2D_CUDA_Unwrapper.pdb
C:\Users\janmorez\Dropbox\Public\2D_CUDA_UNWRAPPER\2D_CUDA_Unwrapper\Debug\2D_CUDA_Unwrapper.exe
C:\Users\janmorez\Dropbox\Public\2D_CUDA_UNWRAPPER\2D_CUDA_Unwrapper\Debug\2D_CUDA_Unwrapper.ilk
